<?xml version="1.0" encoding="UTF-8"?>
<!-- Generated by org.testng.reporters.JUnitReportReporter -->
<testsuite skipped="0" hostname="LAPTOP-V6VACEO9" name="com.mindtree.Runner.TestRunner" tests="1" failures="0" timestamp="2021-11-08T23:42:02 IST" time="5.334" errors="0">
  <testcase name="runScenario" time="5.334" classname="com.mindtree.Runner.TestRunner"/>
</testsuite> <!-- com.mindtree.Runner.TestRunner -->
